{"/Users/richardvannairn/vending-machine/test.js":{"path":"/Users/richardvannairn/vending-machine/test.js","s":{"1":1,"2":1,"3":1,"4":1,"5":1,"6":1,"7":1,"8":1,"9":1,"10":1,"11":1,"12":1,"13":1,"14":1,"15":1,"16":1,"17":1,"18":1,"19":1,"20":1,"21":1,"22":1,"23":1},"b":{"1":[1,0],"2":[1,1],"3":[1,0],"4":[1,1]},"f":{"1":1,"2":1,"3":1,"4":1},"fnMap":{"1":{"name":"(anonymous_1)","line":12,"loc":{"start":{"line":12,"column":56},"end":{"line":12,"column":74}}},"2":{"name":"(anonymous_2)","line":18,"loc":{"start":{"line":18,"column":60},"end":{"line":18,"column":78}}},"3":{"name":"(anonymous_3)","line":24,"loc":{"start":{"line":24,"column":59},"end":{"line":24,"column":77}}},"4":{"name":"(anonymous_4)","line":30,"loc":{"start":{"line":30,"column":75},"end":{"line":30,"column":93}}}},"statementMap":{"1":{"start":{"line":4,"column":0},"end":{"line":10,"column":3}},"2":{"start":{"line":5,"column":4},"end":{"line":5,"column":35},"skip":true},"3":{"start":{"line":7,"column":4},"end":{"line":7,"column":26},"skip":true},"4":{"start":{"line":8,"column":4},"end":{"line":8,"column":45},"skip":true},"5":{"start":{"line":9,"column":4},"end":{"line":9,"column":43},"skip":true},"6":{"start":{"line":12,"column":0},"end":{"line":16,"column":5}},"7":{"start":{"line":13,"column":4},"end":{"line":13,"column":33}},"8":{"start":{"line":14,"column":4},"end":{"line":14,"column":22}},"9":{"start":{"line":15,"column":4},"end":{"line":15,"column":39}},"10":{"start":{"line":18,"column":2},"end":{"line":22,"column":5}},"11":{"start":{"line":19,"column":4},"end":{"line":19,"column":37}},"12":{"start":{"line":20,"column":4},"end":{"line":20,"column":35}},"13":{"start":{"line":21,"column":4},"end":{"line":21,"column":39}},"14":{"start":{"line":24,"column":2},"end":{"line":28,"column":5}},"15":{"start":{"line":25,"column":4},"end":{"line":25,"column":37}},"16":{"start":{"line":26,"column":4},"end":{"line":26,"column":35}},"17":{"start":{"line":27,"column":4},"end":{"line":27,"column":39}},"18":{"start":{"line":30,"column":2},"end":{"line":34,"column":5}},"19":{"start":{"line":31,"column":4},"end":{"line":31,"column":36}},"20":{"start":{"line":32,"column":4},"end":{"line":32,"column":51}},"21":{"start":{"line":33,"column":4},"end":{"line":33,"column":39}},"22":{"start":{"line":37,"column":0},"end":{"line":37,"column":70},"skip":true},"23":{"start":{"line":37,"column":55},"end":{"line":37,"column":68},"skip":true}},"branchMap":{"1":{"line":4,"type":"if","locations":[{"start":{"line":4,"column":0},"end":{"line":4,"column":0},"skip":true},{"start":{"line":4,"column":0},"end":{"line":4,"column":0}}]},"2":{"line":4,"type":"binary-expr","locations":[{"start":{"line":4,"column":4},"end":{"line":4,"column":33}},{"start":{"line":4,"column":37},"end":{"line":4,"column":51}}]},"3":{"line":37,"type":"if","locations":[{"start":{"line":37,"column":0},"end":{"line":37,"column":0},"skip":true},{"start":{"line":37,"column":0},"end":{"line":37,"column":0},"skip":true}]},"4":{"line":37,"type":"binary-expr","locations":[{"start":{"line":37,"column":4},"end":{"line":37,"column":33},"skip":true},{"start":{"line":37,"column":37},"end":{"line":37,"column":51},"skip":true}]}}},"/Users/richardvannairn/vending-machine/change.js":{"path":"/Users/richardvannairn/vending-machine/change.js","s":{"1":1,"2":1,"3":1,"4":1,"5":4,"6":4,"7":4,"8":4,"9":32,"10":32,"11":32,"12":15,"13":16,"14":16,"15":4},"b":{"1":[1,0],"2":[1,1],"3":[15,17]},"f":{"1":4},"fnMap":{"1":{"name":"getChange","line":9,"loc":{"start":{"line":9,"column":0},"end":{"line":9,"column":34}}}},"statementMap":{"1":{"start":{"line":4,"column":0},"end":{"line":6,"column":1},"skip":true},"2":{"start":{"line":5,"column":2},"end":{"line":5,"column":29},"skip":true},"3":{"start":{"line":8,"column":0},"end":{"line":8,"column":44}},"4":{"start":{"line":9,"column":0},"end":{"line":30,"column":1}},"5":{"start":{"line":10,"column":2},"end":{"line":10,"column":18}},"6":{"start":{"line":11,"column":2},"end":{"line":11,"column":28}},"7":{"start":{"line":12,"column":2},"end":{"line":12,"column":33}},"8":{"start":{"line":14,"column":2},"end":{"line":28,"column":3}},"9":{"start":{"line":16,"column":4},"end":{"line":16,"column":24}},"10":{"start":{"line":18,"column":4},"end":{"line":18,"column":55}},"11":{"start":{"line":19,"column":4},"end":{"line":27,"column":5}},"12":{"start":{"line":22,"column":6},"end":{"line":26,"column":7}},"13":{"start":{"line":24,"column":8},"end":{"line":24,"column":26}},"14":{"start":{"line":25,"column":8},"end":{"line":25,"column":37}},"15":{"start":{"line":29,"column":2},"end":{"line":29,"column":16}}},"branchMap":{"1":{"line":4,"type":"if","locations":[{"start":{"line":4,"column":0},"end":{"line":4,"column":0},"skip":true},{"start":{"line":4,"column":0},"end":{"line":4,"column":0},"skip":true}]},"2":{"line":4,"type":"binary-expr","locations":[{"start":{"line":4,"column":4},"end":{"line":4,"column":33},"skip":true},{"start":{"line":4,"column":37},"end":{"line":4,"column":51},"skip":true}]},"3":{"line":19,"type":"if","locations":[{"start":{"line":19,"column":4},"end":{"line":19,"column":4}},{"start":{"line":19,"column":4},"end":{"line":19,"column":4}}]}}}}